<?xml version="1.0" encoding="UTF-8"?>
<testng-results skipped="0" failed="0" total="0" passed="0">
  <reporter-output>
  </reporter-output>
  <suite name="testautomation.framework_hybrid.AppTest" duration-ms="3" started-at="2019-12-29T08:39:58Z" finished-at="2019-12-29T08:39:58Z">
    <groups>
    </groups>
    <test name="Command line test" duration-ms="3" started-at="2019-12-29T08:39:58Z" finished-at="2019-12-29T08:39:58Z">
    </test> <!-- Command line test -->
  </suite> <!-- testautomation.framework_hybrid.AppTest -->
</testng-results>
